<?xml version="1.0" encoding="UTF-8" standalone="no" ?>
<testsuites>
  <testsuite errors="0" failures="0" name="PhaseAmbiguityEstimatorTest" skipped="0" tests="12" time="1.7563">
    <testcase classname="PhaseAmbiguityEstimatorTest" name="testResolvesRotation(rotationDeg=a0)" time="1.5317"/>
    <testcase classname="PhaseAmbiguityEstimatorTest" name="testResolvesRotation(rotationDeg=a45)" time="0.060999"/>
    <testcase classname="PhaseAmbiguityEstimatorTest" name="testResolvesRotation(rotationDeg=a90)" time="0.040091"/>
    <testcase classname="PhaseAmbiguityEstimatorTest" name="testResolvesRotation(rotationDeg=a135)" time="0.015659"/>
    <testcase classname="PhaseAmbiguityEstimatorTest" name="testResolvesRotation(rotationDeg=a180)" time="0.047847"/>
    <testcase classname="PhaseAmbiguityEstimatorTest" name="testResolvesRotation(rotationDeg=a225)" time="0.004108"/>
    <testcase classname="PhaseAmbiguityEstimatorTest" name="testResolvesRotation(rotationDeg=a270)" time="0.003472"/>
    <testcase classname="PhaseAmbiguityEstimatorTest" name="testResolvesRotation(rotationDeg=a315)" time="0.003194"/>
    <testcase classname="PhaseAmbiguityEstimatorTest" name="testNo180Ambiguity" time="0.007284"/>
    <testcase classname="PhaseAmbiguityEstimatorTest" name="testNoiseDegradesGracefully" time="0.01244"/>
    <testcase classname="PhaseAmbiguityEstimatorTest" name="testFrequencyOffsetBias" time="0.015596"/>
    <testcase classname="PhaseAmbiguityEstimatorTest" name="testReferenceMismatchFails" time="0.013917"/>
  </testsuite>
  <testsuite errors="0" failures="0" name="CoarseFreqEstimatorTest" skipped="0" tests="10" time="1.329">
    <testcase classname="CoarseFreqEstimatorTest" name="testConvergesWithinRange(offsetHz=n200k)" time="0.034975"/>
    <testcase classname="CoarseFreqEstimatorTest" name="testConvergesWithinRange(offsetHz=n50k)" time="0.008487"/>
    <testcase classname="CoarseFreqEstimatorTest" name="testConvergesWithinRange(offsetHz=z0)" time="0.011269"/>
    <testcase classname="CoarseFreqEstimatorTest" name="testConvergesWithinRange(offsetHz=p50k)" time="0.007812"/>
    <testcase classname="CoarseFreqEstimatorTest" name="testConvergesWithinRange(offsetHz=p150k)" time="0.014454"/>
    <testcase classname="CoarseFreqEstimatorTest" name="testConvergesWithinRange(offsetHz=p200k)" time="0.005214"/>
    <testcase classname="CoarseFreqEstimatorTest" name="testOutOfRangeAliases" time="0.014634"/>
    <testcase classname="CoarseFreqEstimatorTest" name="testConvergenceVsLength" time="0.38014"/>
    <testcase classname="CoarseFreqEstimatorTest" name="testNoiseThreshold" time="0.79012"/>
    <testcase classname="CoarseFreqEstimatorTest" name="testCoarseFreqDoesNotFlipPhaseAmbiguity" time="0.061884"/>
  </testsuite>
  <testsuite errors="0" failures="0" name="PreambleDetectorTest" skipped="0" tests="8" time="0.29301">
    <testcase classname="PreambleDetectorTest" name="testDetectsAtCorrectPosition" time="0.047675"/>
    <testcase classname="PreambleDetectorTest" name="testRotationInvariant(rotationDeg=a0)" time="0.093474"/>
    <testcase classname="PreambleDetectorTest" name="testRotationInvariant(rotationDeg=a90)" time="0.036663"/>
    <testcase classname="PreambleDetectorTest" name="testRotationInvariant(rotationDeg=a180)" time="0.026874"/>
    <testcase classname="PreambleDetectorTest" name="testRotationInvariant(rotationDeg=a270)" time="0.025096"/>
    <testcase classname="PreambleDetectorTest" name="testProcessingGainMargin" time="0.009346"/>
    <testcase classname="PreambleDetectorTest" name="testFrequencyOffsetDegradesPeak" time="0.031017"/>
    <testcase classname="PreambleDetectorTest" name="testPositionStableUnderNoise" time="0.022861"/>
  </testsuite>
  <testsuite errors="0" failures="0" name="SymbolSynchronizerTest" skipped="0" tests="4" time="0.60179">
    <testcase classname="SymbolSynchronizerTest" name="testGardnerTEDSCurve" time="0.20082"/>
    <testcase classname="SymbolSynchronizerTest" name="testRecoversWithTimingOffset" time="0.22274"/>
    <testcase classname="SymbolSynchronizerTest" name="testTimingFreqOffsetLockRange" time="0.15805"/>
    <testcase classname="SymbolSynchronizerTest" name="testRecoversUnderNoise" time="0.020186"/>
  </testsuite>
  <testsuite errors="0" failures="0" name="QPSKRxChainTest" skipped="0" tests="15" time="5.5374">
    <testcase classname="QPSKRxChainTest" name="testCleanDecode" time="0.72154"/>
    <testcase classname="QPSKRxChainTest" name="testCFO(cfoHz=z0)" time="0.24444"/>
    <testcase classname="QPSKRxChainTest" name="testCFO(cfoHz=k10)" time="0.21388"/>
    <testcase classname="QPSKRxChainTest" name="testCFO(cfoHz=k50)" time="0.2792"/>
    <testcase classname="QPSKRxChainTest" name="testCFO(cfoHz=k100)" time="0.29321"/>
    <testcase classname="QPSKRxChainTest" name="testCFO(cfoHz=k200)" time="0.17849"/>
    <testcase classname="QPSKRxChainTest" name="testStaticPhase(staticDeg=a0)" time="0.17803"/>
    <testcase classname="QPSKRxChainTest" name="testStaticPhase(staticDeg=a45)" time="0.17293"/>
    <testcase classname="QPSKRxChainTest" name="testStaticPhase(staticDeg=a90)" time="0.17397"/>
    <testcase classname="QPSKRxChainTest" name="testStaticPhase(staticDeg=a135)" time="0.17918"/>
    <testcase classname="QPSKRxChainTest" name="testStaticPhase(staticDeg=a180)" time="0.18704"/>
    <testcase classname="QPSKRxChainTest" name="testStaticPhase(staticDeg=a270)" time="0.17811"/>
    <testcase classname="QPSKRxChainTest" name="testIQImbalance" time="0.70581"/>
    <testcase classname="QPSKRxChainTest" name="testDCOffset" time="0.91621"/>
    <testcase classname="QPSKRxChainTest" name="testSNRThreshold" time="0.91534"/>
  </testsuite>
  <testsuite errors="0" failures="0" name="PlutoCaptureBERTest" skipped="1" tests="2" time="1.7415">
    <testcase classname="PlutoCaptureBERTest" name="testOfflineReceiverSanity" time="0.33278"/>
    <testcase classname="PlutoCaptureBERTest" name="testCaptureDecodesUnder1pct" time="1.4087">
      <skipped>An assumption was not met in PlutoCaptureBERTest/testCaptureDecodesUnder1pct and it filtered the remainder of the test.
    ----------------
    Test Diagnostic:
    ----------------
    capture has BW=0.00 MHz &lt; 1 MHz (only a tone/noise) — host TX-DMA did not stream the QPSK; not a QPSK-link failure
    ---------------------
    Framework Diagnostic:
    ---------------------
    assumeGreaterThan failed.
    --&gt; The value must be greater than the minimum value.
    
    Actual Value:
         1.525878906250000e+02
    Minimum Value (Exclusive):
         1000000
    ------------------
    Stack Information:
    ------------------
    In /home/tcollins/dev/qpsk_ai/TransceiverToolbox/trx_examples/targeting/QPSKTxRxHDLExample/PlutoCaptureBERTest.m (PlutoCaptureBERTest.testCaptureDecodesUnder1pct) at 35</skipped>
    </testcase>
  </testsuite>
  <testsuite errors="0" failures="0" name="HardwareLoopbackBERTest" skipped="0" tests="1" time="5.7285">
    <testcase classname="HardwareLoopbackBERTest" name="testLoopbackBerUnder1pct" time="5.7285"/>
  </testsuite>
  <testsuite errors="0" failures="0" name="BistRegisterReadTest" skipped="0" tests="11" time="43.207">
    <testcase classname="BistRegisterReadTest" name="testBoardReachable" time="1.4108"/>
    <testcase classname="BistRegisterReadTest" name="testSingleReadsAllRegisters" time="6.9284"/>
    <testcase classname="BistRegisterReadTest" name="testReadAllStruct" time="1.3802"/>
    <testcase classname="BistRegisterReadTest" name="testPacketsMonotonicallyIncreases" time="3.7353"/>
    <testcase classname="BistRegisterReadTest" name="testIqDebugMuxWritesDontCrash" time="23.1259"/>
    <testcase classname="BistRegisterReadTest" name="testRstCsWriteAffectsBist" time="6.5349"/>
    <testcase classname="BistRegisterReadTest" name="testParseHexSingleValue" time="0.013438"/>
    <testcase classname="BistRegisterReadTest" name="testParseHexMultiple" time="0.01151"/>
    <testcase classname="BistRegisterReadTest" name="testParseHexIgnoresChatter" time="0.025313"/>
    <testcase classname="BistRegisterReadTest" name="testParseHexEmpty" time="0.01446"/>
    <testcase classname="BistRegisterReadTest" name="testRegisterMapAddresses" time="0.026691"/>
  </testsuite>
  <testsuite errors="0" failures="0" name="BandwidthVariantSimTest" skipped="0" tests="4" time="1.7402">
    <testcase classname="BandwidthVariantSimTest" name="testVariant(variant=V0_baseline_sps4)" time="0.5307"/>
    <testcase classname="BandwidthVariantSimTest" name="testVariant(variant=V1_halfSPS_sps2)" time="0.37783"/>
    <testcase classname="BandwidthVariantSimTest" name="testVariant(variant=V2_sps2_fastRsym)" time="0.38462"/>
    <testcase classname="BandwidthVariantSimTest" name="testVariant(variant=V4_sps8_slow)" time="0.44703"/>
  </testsuite>
  <testsuite errors="0" failures="0" name="HardwareLinkRobustnessTest" skipped="0" tests="7" time="128.7231">
    <testcase classname="HardwareLinkRobustnessTest" name="testBaselineBerOverShortWindow" time="7.166"/>
    <testcase classname="HardwareLinkRobustnessTest" name="testLongDurationBer" time="17.7942"/>
    <testcase classname="HardwareLinkRobustnessTest" name="testCounterMonotonicity" time="32.4355"/>
    <testcase classname="HardwareLinkRobustnessTest" name="testRstCsRecoversInBoundedTime" time="6.6018"/>
    <testcase classname="HardwareLinkRobustnessTest" name="testBerStableAcrossWindows" time="17.3303"/>
    <testcase classname="HardwareLinkRobustnessTest" name="testIqDebugMuxToggleResilience" time="17.9704"/>
    <testcase classname="HardwareLinkRobustnessTest" name="testMultipleRstCsPulses" time="29.425"/>
  </testsuite>
  <testsuite errors="0" failures="0" name="HardwareGainRobustnessTest" skipped="0" tests="9" time="109.6034">
    <testcase classname="HardwareGainRobustnessTest" name="testPassingGainSweep(passingGain=unity_1_0)" time="21.7605"/>
    <testcase classname="HardwareGainRobustnessTest" name="testPassingGainSweep(passingGain=x1p5)" time="10.0801"/>
    <testcase classname="HardwareGainRobustnessTest" name="testPassingGainSweep(passingGain=maxQ1p14)" time="10.0883"/>
    <testcase classname="HardwareGainRobustnessTest" name="testPassingGainSweep(passingGain=x0p75)" time="10.1469"/>
    <testcase classname="HardwareGainRobustnessTest" name="testPassingGainSweep(passingGain=half_0_5)" time="10.1128"/>
    <testcase classname="HardwareGainRobustnessTest" name="testPassingGainSweep(passingGain=x0p375)" time="10.1173"/>
    <testcase classname="HardwareGainRobustnessTest" name="testBelowFloorGainStalls(failingGain=x0p25)" time="9.1254"/>
    <testcase classname="HardwareGainRobustnessTest" name="testBelowFloorGainStalls(failingGain=x0p125)" time="9.0757"/>
    <testcase classname="HardwareGainRobustnessTest" name="testGainRecoveryFromFloor" time="19.0965"/>
  </testsuite>
  <testsuite errors="0" failures="0" name="OfflineLinkScenarioSweepTest" skipped="0" tests="23" time="4.2733">
    <testcase classname="OfflineLinkScenarioSweepTest" name="testCFOSweep(cfoHz=neg300k)" time="0.41115"/>
    <testcase classname="OfflineLinkScenarioSweepTest" name="testCFOSweep(cfoHz=neg200k)" time="0.18584"/>
    <testcase classname="OfflineLinkScenarioSweepTest" name="testCFOSweep(cfoHz=neg100k)" time="0.18978"/>
    <testcase classname="OfflineLinkScenarioSweepTest" name="testCFOSweep(cfoHz=neg50k)" time="0.19289"/>
    <testcase classname="OfflineLinkScenarioSweepTest" name="testCFOSweep(cfoHz=neg10k)" time="0.1755"/>
    <testcase classname="OfflineLinkScenarioSweepTest" name="testCFOSweep(cfoHz=zero)" time="0.16837"/>
    <testcase classname="OfflineLinkScenarioSweepTest" name="testCFOSweep(cfoHz=pos10k)" time="0.16829"/>
    <testcase classname="OfflineLinkScenarioSweepTest" name="testCFOSweep(cfoHz=pos50k)" time="0.17112"/>
    <testcase classname="OfflineLinkScenarioSweepTest" name="testCFOSweep(cfoHz=pos100k)" time="0.175"/>
    <testcase classname="OfflineLinkScenarioSweepTest" name="testCFOSweep(cfoHz=pos200k)" time="0.17733"/>
    <testcase classname="OfflineLinkScenarioSweepTest" name="testCFOSweep(cfoHz=pos300k)" time="0.17039"/>
    <testcase classname="OfflineLinkScenarioSweepTest" name="testGainSweep(gainScale=point1)" time="0.1665"/>
    <testcase classname="OfflineLinkScenarioSweepTest" name="testGainSweep(gainScale=point25)" time="0.17347"/>
    <testcase classname="OfflineLinkScenarioSweepTest" name="testGainSweep(gainScale=point5)" time="0.17729"/>
    <testcase classname="OfflineLinkScenarioSweepTest" name="testGainSweep(gainScale=unity)" time="0.16625"/>
    <testcase classname="OfflineLinkScenarioSweepTest" name="testGainSweep(gainScale=x1p5)" time="0.16824"/>
    <testcase classname="OfflineLinkScenarioSweepTest" name="testGainSweep(gainScale=x2)" time="0.17034"/>
    <testcase classname="OfflineLinkScenarioSweepTest" name="testGainSweep(gainScale=x3)" time="0.1795"/>
    <testcase classname="OfflineLinkScenarioSweepTest" name="testCfoGainCombo(cfoGainCombo=lowGain_smallCFO)" time="0.1902"/>
    <testcase classname="OfflineLinkScenarioSweepTest" name="testCfoGainCombo(cfoGainCombo=lowGain_medCFO)" time="0.17558"/>
    <testcase classname="OfflineLinkScenarioSweepTest" name="testCfoGainCombo(cfoGainCombo=highGain_smallCFO)" time="0.16901"/>
    <testcase classname="OfflineLinkScenarioSweepTest" name="testCfoGainCombo(cfoGainCombo=highGain_negCFO)" time="0.17158"/>
    <testcase classname="OfflineLinkScenarioSweepTest" name="testCfoGainCombo(cfoGainCombo=lowGain_largeCFO)" time="0.17968"/>
  </testsuite>
  <testsuite errors="0" failures="0" name="HardwareCFORobustnessTest" skipped="15" tests="15" time="17.601">
    <testcase classname="HardwareCFORobustnessTest" name="testPassingCFOSweep(passingCFOHz=zero)" time="16.2415">
      <skipped>An assumption was not met while setting up or tearing down HardwareCFORobustnessTest.
As a result, all HardwareCFORobustnessTest tests were filtered.
    ----------------
    Test Diagnostic:
    ----------------
    900 kHz CFO did not degrade the link (dp=22689 in 2s); deployed BOOT.BIN does not appear to be V5_cfo_inj
    ---------------------
    Framework Diagnostic:
    ---------------------
    assumeLessThan failed.
    --&gt; The value must be less than the maximum value.
    
    Actual Value:
           22689
    Maximum Value (Exclusive):
            5000
    ------------------
    Stack Information:
    ------------------
    In /home/tcollins/dev/qpsk_ai/TransceiverToolbox/trx_examples/targeting/QPSKTxRxHDLExample/HardwareCFORobustnessTest.m (HardwareCFORobustnessTest.checkBoardReachableAndV5) at 118</skipped>
    </testcase>
    <testcase classname="HardwareCFORobustnessTest" name="testPassingCFOSweep(passingCFOHz=pos10k)" time="0">
      <skipped>An assumption was not met while setting up or tearing down HardwareCFORobustnessTest.
As a result, all HardwareCFORobustnessTest tests were filtered.
    ----------------
    Test Diagnostic:
    ----------------
    900 kHz CFO did not degrade the link (dp=22689 in 2s); deployed BOOT.BIN does not appear to be V5_cfo_inj
    ---------------------
    Framework Diagnostic:
    ---------------------
    assumeLessThan failed.
    --&gt; The value must be less than the maximum value.
    
    Actual Value:
           22689
    Maximum Value (Exclusive):
            5000
    ------------------
    Stack Information:
    ------------------
    In /home/tcollins/dev/qpsk_ai/TransceiverToolbox/trx_examples/targeting/QPSKTxRxHDLExample/HardwareCFORobustnessTest.m (HardwareCFORobustnessTest.checkBoardReachableAndV5) at 118</skipped>
    </testcase>
    <testcase classname="HardwareCFORobustnessTest" name="testPassingCFOSweep(passingCFOHz=neg10k)" time="0">
      <skipped>An assumption was not met while setting up or tearing down HardwareCFORobustnessTest.
As a result, all HardwareCFORobustnessTest tests were filtered.
    ----------------
    Test Diagnostic:
    ----------------
    900 kHz CFO did not degrade the link (dp=22689 in 2s); deployed BOOT.BIN does not appear to be V5_cfo_inj
    ---------------------
    Framework Diagnostic:
    ---------------------
    assumeLessThan failed.
    --&gt; The value must be less than the maximum value.
    
    Actual Value:
           22689
    Maximum Value (Exclusive):
            5000
    ------------------
    Stack Information:
    ------------------
    In /home/tcollins/dev/qpsk_ai/TransceiverToolbox/trx_examples/targeting/QPSKTxRxHDLExample/HardwareCFORobustnessTest.m (HardwareCFORobustnessTest.checkBoardReachableAndV5) at 118</skipped>
    </testcase>
    <testcase classname="HardwareCFORobustnessTest" name="testPassingCFOSweep(passingCFOHz=pos50k)" time="0">
      <skipped>An assumption was not met while setting up or tearing down HardwareCFORobustnessTest.
As a result, all HardwareCFORobustnessTest tests were filtered.
    ----------------
    Test Diagnostic:
    ----------------
    900 kHz CFO did not degrade the link (dp=22689 in 2s); deployed BOOT.BIN does not appear to be V5_cfo_inj
    ---------------------
    Framework Diagnostic:
    ---------------------
    assumeLessThan failed.
    --&gt; The value must be less than the maximum value.
    
    Actual Value:
           22689
    Maximum Value (Exclusive):
            5000
    ------------------
    Stack Information:
    ------------------
    In /home/tcollins/dev/qpsk_ai/TransceiverToolbox/trx_examples/targeting/QPSKTxRxHDLExample/HardwareCFORobustnessTest.m (HardwareCFORobustnessTest.checkBoardReachableAndV5) at 118</skipped>
    </testcase>
    <testcase classname="HardwareCFORobustnessTest" name="testPassingCFOSweep(passingCFOHz=neg50k)" time="0">
      <skipped>An assumption was not met while setting up or tearing down HardwareCFORobustnessTest.
As a result, all HardwareCFORobustnessTest tests were filtered.
    ----------------
    Test Diagnostic:
    ----------------
    900 kHz CFO did not degrade the link (dp=22689 in 2s); deployed BOOT.BIN does not appear to be V5_cfo_inj
    ---------------------
    Framework Diagnostic:
    ---------------------
    assumeLessThan failed.
    --&gt; The value must be less than the maximum value.
    
    Actual Value:
           22689
    Maximum Value (Exclusive):
            5000
    ------------------
    Stack Information:
    ------------------
    In /home/tcollins/dev/qpsk_ai/TransceiverToolbox/trx_examples/targeting/QPSKTxRxHDLExample/HardwareCFORobustnessTest.m (HardwareCFORobustnessTest.checkBoardReachableAndV5) at 118</skipped>
    </testcase>
    <testcase classname="HardwareCFORobustnessTest" name="testPassingCFOSweep(passingCFOHz=pos100k)" time="0">
      <skipped>An assumption was not met while setting up or tearing down HardwareCFORobustnessTest.
As a result, all HardwareCFORobustnessTest tests were filtered.
    ----------------
    Test Diagnostic:
    ----------------
    900 kHz CFO did not degrade the link (dp=22689 in 2s); deployed BOOT.BIN does not appear to be V5_cfo_inj
    ---------------------
    Framework Diagnostic:
    ---------------------
    assumeLessThan failed.
    --&gt; The value must be less than the maximum value.
    
    Actual Value:
           22689
    Maximum Value (Exclusive):
            5000
    ------------------
    Stack Information:
    ------------------
    In /home/tcollins/dev/qpsk_ai/TransceiverToolbox/trx_examples/targeting/QPSKTxRxHDLExample/HardwareCFORobustnessTest.m (HardwareCFORobustnessTest.checkBoardReachableAndV5) at 118</skipped>
    </testcase>
    <testcase classname="HardwareCFORobustnessTest" name="testPassingCFOSweep(passingCFOHz=neg100k)" time="0">
      <skipped>An assumption was not met while setting up or tearing down HardwareCFORobustnessTest.
As a result, all HardwareCFORobustnessTest tests were filtered.
    ----------------
    Test Diagnostic:
    ----------------
    900 kHz CFO did not degrade the link (dp=22689 in 2s); deployed BOOT.BIN does not appear to be V5_cfo_inj
    ---------------------
    Framework Diagnostic:
    ---------------------
    assumeLessThan failed.
    --&gt; The value must be less than the maximum value.
    
    Actual Value:
           22689
    Maximum Value (Exclusive):
            5000
    ------------------
    Stack Information:
    ------------------
    In /home/tcollins/dev/qpsk_ai/TransceiverToolbox/trx_examples/targeting/QPSKTxRxHDLExample/HardwareCFORobustnessTest.m (HardwareCFORobustnessTest.checkBoardReachableAndV5) at 118</skipped>
    </testcase>
    <testcase classname="HardwareCFORobustnessTest" name="testPassingCFOSweep(passingCFOHz=pos200k)" time="0">
      <skipped>An assumption was not met while setting up or tearing down HardwareCFORobustnessTest.
As a result, all HardwareCFORobustnessTest tests were filtered.
    ----------------
    Test Diagnostic:
    ----------------
    900 kHz CFO did not degrade the link (dp=22689 in 2s); deployed BOOT.BIN does not appear to be V5_cfo_inj
    ---------------------
    Framework Diagnostic:
    ---------------------
    assumeLessThan failed.
    --&gt; The value must be less than the maximum value.
    
    Actual Value:
           22689
    Maximum Value (Exclusive):
            5000
    ------------------
    Stack Information:
    ------------------
    In /home/tcollins/dev/qpsk_ai/TransceiverToolbox/trx_examples/targeting/QPSKTxRxHDLExample/HardwareCFORobustnessTest.m (HardwareCFORobustnessTest.checkBoardReachableAndV5) at 118</skipped>
    </testcase>
    <testcase classname="HardwareCFORobustnessTest" name="testPassingCFOSweep(passingCFOHz=neg200k)" time="0">
      <skipped>An assumption was not met while setting up or tearing down HardwareCFORobustnessTest.
As a result, all HardwareCFORobustnessTest tests were filtered.
    ----------------
    Test Diagnostic:
    ----------------
    900 kHz CFO did not degrade the link (dp=22689 in 2s); deployed BOOT.BIN does not appear to be V5_cfo_inj
    ---------------------
    Framework Diagnostic:
    ---------------------
    assumeLessThan failed.
    --&gt; The value must be less than the maximum value.
    
    Actual Value:
           22689
    Maximum Value (Exclusive):
            5000
    ------------------
    Stack Information:
    ------------------
    In /home/tcollins/dev/qpsk_ai/TransceiverToolbox/trx_examples/targeting/QPSKTxRxHDLExample/HardwareCFORobustnessTest.m (HardwareCFORobustnessTest.checkBoardReachableAndV5) at 118</skipped>
    </testcase>
    <testcase classname="HardwareCFORobustnessTest" name="testBeyondRangeCharacterization(characterizeCFOHz=pos300k)" time="0">
      <skipped>An assumption was not met while setting up or tearing down HardwareCFORobustnessTest.
As a result, all HardwareCFORobustnessTest tests were filtered.
    ----------------
    Test Diagnostic:
    ----------------
    900 kHz CFO did not degrade the link (dp=22689 in 2s); deployed BOOT.BIN does not appear to be V5_cfo_inj
    ---------------------
    Framework Diagnostic:
    ---------------------
    assumeLessThan failed.
    --&gt; The value must be less than the maximum value.
    
    Actual Value:
           22689
    Maximum Value (Exclusive):
            5000
    ------------------
    Stack Information:
    ------------------
    In /home/tcollins/dev/qpsk_ai/TransceiverToolbox/trx_examples/targeting/QPSKTxRxHDLExample/HardwareCFORobustnessTest.m (HardwareCFORobustnessTest.checkBoardReachableAndV5) at 118</skipped>
    </testcase>
    <testcase classname="HardwareCFORobustnessTest" name="testBeyondRangeCharacterization(characterizeCFOHz=pos500k)" time="0">
      <skipped>An assumption was not met while setting up or tearing down HardwareCFORobustnessTest.
As a result, all HardwareCFORobustnessTest tests were filtered.
    ----------------
    Test Diagnostic:
    ----------------
    900 kHz CFO did not degrade the link (dp=22689 in 2s); deployed BOOT.BIN does not appear to be V5_cfo_inj
    ---------------------
    Framework Diagnostic:
    ---------------------
    assumeLessThan failed.
    --&gt; The value must be less than the maximum value.
    
    Actual Value:
           22689
    Maximum Value (Exclusive):
            5000
    ------------------
    Stack Information:
    ------------------
    In /home/tcollins/dev/qpsk_ai/TransceiverToolbox/trx_examples/targeting/QPSKTxRxHDLExample/HardwareCFORobustnessTest.m (HardwareCFORobustnessTest.checkBoardReachableAndV5) at 118</skipped>
    </testcase>
    <testcase classname="HardwareCFORobustnessTest" name="testBeyondRangeCharacterization(characterizeCFOHz=pos900k)" time="0">
      <skipped>An assumption was not met while setting up or tearing down HardwareCFORobustnessTest.
As a result, all HardwareCFORobustnessTest tests were filtered.
    ----------------
    Test Diagnostic:
    ----------------
    900 kHz CFO did not degrade the link (dp=22689 in 2s); deployed BOOT.BIN does not appear to be V5_cfo_inj
    ---------------------
    Framework Diagnostic:
    ---------------------
    assumeLessThan failed.
    --&gt; The value must be less than the maximum value.
    
    Actual Value:
           22689
    Maximum Value (Exclusive):
            5000
    ------------------
    Stack Information:
    ------------------
    In /home/tcollins/dev/qpsk_ai/TransceiverToolbox/trx_examples/targeting/QPSKTxRxHDLExample/HardwareCFORobustnessTest.m (HardwareCFORobustnessTest.checkBoardReachableAndV5) at 118</skipped>
    </testcase>
    <testcase classname="HardwareCFORobustnessTest" name="testBeyondRangeCharacterization(characterizeCFOHz=neg300k)" time="0">
      <skipped>An assumption was not met while setting up or tearing down HardwareCFORobustnessTest.
As a result, all HardwareCFORobustnessTest tests were filtered.
    ----------------
    Test Diagnostic:
    ----------------
    900 kHz CFO did not degrade the link (dp=22689 in 2s); deployed BOOT.BIN does not appear to be V5_cfo_inj
    ---------------------
    Framework Diagnostic:
    ---------------------
    assumeLessThan failed.
    --&gt; The value must be less than the maximum value.
    
    Actual Value:
           22689
    Maximum Value (Exclusive):
            5000
    ------------------
    Stack Information:
    ------------------
    In /home/tcollins/dev/qpsk_ai/TransceiverToolbox/trx_examples/targeting/QPSKTxRxHDLExample/HardwareCFORobustnessTest.m (HardwareCFORobustnessTest.checkBoardReachableAndV5) at 118</skipped>
    </testcase>
    <testcase classname="HardwareCFORobustnessTest" name="testBeyondRangeCharacterization(characterizeCFOHz=neg900k)" time="0">
      <skipped>An assumption was not met while setting up or tearing down HardwareCFORobustnessTest.
As a result, all HardwareCFORobustnessTest tests were filtered.
    ----------------
    Test Diagnostic:
    ----------------
    900 kHz CFO did not degrade the link (dp=22689 in 2s); deployed BOOT.BIN does not appear to be V5_cfo_inj
    ---------------------
    Framework Diagnostic:
    ---------------------
    assumeLessThan failed.
    --&gt; The value must be less than the maximum value.
    
    Actual Value:
           22689
    Maximum Value (Exclusive):
            5000
    ------------------
    Stack Information:
    ------------------
    In /home/tcollins/dev/qpsk_ai/TransceiverToolbox/trx_examples/targeting/QPSKTxRxHDLExample/HardwareCFORobustnessTest.m (HardwareCFORobustnessTest.checkBoardReachableAndV5) at 118</skipped>
    </testcase>
    <testcase classname="HardwareCFORobustnessTest" name="testCFORecoveryAfterLockLoss" time="1.3594">
      <skipped>An assumption was not met while setting up or tearing down HardwareCFORobustnessTest.
As a result, all HardwareCFORobustnessTest tests were filtered.
    ----------------
    Test Diagnostic:
    ----------------
    900 kHz CFO did not degrade the link (dp=22689 in 2s); deployed BOOT.BIN does not appear to be V5_cfo_inj
    ---------------------
    Framework Diagnostic:
    ---------------------
    assumeLessThan failed.
    --&gt; The value must be less than the maximum value.
    
    Actual Value:
           22689
    Maximum Value (Exclusive):
            5000
    ------------------
    Stack Information:
    ------------------
    In /home/tcollins/dev/qpsk_ai/TransceiverToolbox/trx_examples/targeting/QPSKTxRxHDLExample/HardwareCFORobustnessTest.m (HardwareCFORobustnessTest.checkBoardReachableAndV5) at 118</skipped>
    </testcase>
  </testsuite>
  <testsuite errors="0" failures="0" name="HardwareRFLOCfoTest" skipped="6" tests="6" time="29.7604">
    <testcase classname="HardwareRFLOCfoTest" name="testLoOffsetCFO(loOffsetHz=zero)" time="29.4128">
      <skipped>An assumption was not met while setting up or tearing down HardwareRFLOCfoTest.
As a result, all HardwareRFLOCfoTest tests were filtered.
    ----------------
    Test Diagnostic:
    ----------------
    no coherent Tx-&gt;Rx signal (BW=0.00 MHz &lt; 1 MHz); connect TX1 to RX1 via RF cable
    ---------------------
    Framework Diagnostic:
    ---------------------
    assumeGreaterThan failed.
    --&gt; The value must be greater than the minimum value.
    
    Actual Value:
         0
    Minimum Value (Exclusive):
         1000000
    ------------------
    Stack Information:
    ------------------
    In /home/tcollins/dev/qpsk_ai/TransceiverToolbox/trx_examples/targeting/QPSKTxRxHDLExample/HardwareRFLOCfoTest.m (HardwareRFLOCfoTest.setup) at 117</skipped>
    </testcase>
    <testcase classname="HardwareRFLOCfoTest" name="testLoOffsetCFO(loOffsetHz=pos50k)" time="0">
      <skipped>An assumption was not met while setting up or tearing down HardwareRFLOCfoTest.
As a result, all HardwareRFLOCfoTest tests were filtered.
    ----------------
    Test Diagnostic:
    ----------------
    no coherent Tx-&gt;Rx signal (BW=0.00 MHz &lt; 1 MHz); connect TX1 to RX1 via RF cable
    ---------------------
    Framework Diagnostic:
    ---------------------
    assumeGreaterThan failed.
    --&gt; The value must be greater than the minimum value.
    
    Actual Value:
         0
    Minimum Value (Exclusive):
         1000000
    ------------------
    Stack Information:
    ------------------
    In /home/tcollins/dev/qpsk_ai/TransceiverToolbox/trx_examples/targeting/QPSKTxRxHDLExample/HardwareRFLOCfoTest.m (HardwareRFLOCfoTest.setup) at 117</skipped>
    </testcase>
    <testcase classname="HardwareRFLOCfoTest" name="testLoOffsetCFO(loOffsetHz=neg50k)" time="0">
      <skipped>An assumption was not met while setting up or tearing down HardwareRFLOCfoTest.
As a result, all HardwareRFLOCfoTest tests were filtered.
    ----------------
    Test Diagnostic:
    ----------------
    no coherent Tx-&gt;Rx signal (BW=0.00 MHz &lt; 1 MHz); connect TX1 to RX1 via RF cable
    ---------------------
    Framework Diagnostic:
    ---------------------
    assumeGreaterThan failed.
    --&gt; The value must be greater than the minimum value.
    
    Actual Value:
         0
    Minimum Value (Exclusive):
         1000000
    ------------------
    Stack Information:
    ------------------
    In /home/tcollins/dev/qpsk_ai/TransceiverToolbox/trx_examples/targeting/QPSKTxRxHDLExample/HardwareRFLOCfoTest.m (HardwareRFLOCfoTest.setup) at 117</skipped>
    </testcase>
    <testcase classname="HardwareRFLOCfoTest" name="testLoOffsetCFO(loOffsetHz=pos100k)" time="0">
      <skipped>An assumption was not met while setting up or tearing down HardwareRFLOCfoTest.
As a result, all HardwareRFLOCfoTest tests were filtered.
    ----------------
    Test Diagnostic:
    ----------------
    no coherent Tx-&gt;Rx signal (BW=0.00 MHz &lt; 1 MHz); connect TX1 to RX1 via RF cable
    ---------------------
    Framework Diagnostic:
    ---------------------
    assumeGreaterThan failed.
    --&gt; The value must be greater than the minimum value.
    
    Actual Value:
         0
    Minimum Value (Exclusive):
         1000000
    ------------------
    Stack Information:
    ------------------
    In /home/tcollins/dev/qpsk_ai/TransceiverToolbox/trx_examples/targeting/QPSKTxRxHDLExample/HardwareRFLOCfoTest.m (HardwareRFLOCfoTest.setup) at 117</skipped>
    </testcase>
    <testcase classname="HardwareRFLOCfoTest" name="testLoOffsetCFO(loOffsetHz=neg100k)" time="0">
      <skipped>An assumption was not met while setting up or tearing down HardwareRFLOCfoTest.
As a result, all HardwareRFLOCfoTest tests were filtered.
    ----------------
    Test Diagnostic:
    ----------------
    no coherent Tx-&gt;Rx signal (BW=0.00 MHz &lt; 1 MHz); connect TX1 to RX1 via RF cable
    ---------------------
    Framework Diagnostic:
    ---------------------
    assumeGreaterThan failed.
    --&gt; The value must be greater than the minimum value.
    
    Actual Value:
         0
    Minimum Value (Exclusive):
         1000000
    ------------------
    Stack Information:
    ------------------
    In /home/tcollins/dev/qpsk_ai/TransceiverToolbox/trx_examples/targeting/QPSKTxRxHDLExample/HardwareRFLOCfoTest.m (HardwareRFLOCfoTest.setup) at 117</skipped>
    </testcase>
    <testcase classname="HardwareRFLOCfoTest" name="testLoOffsetCFO(loOffsetHz=pos200k)" time="0.34765">
      <skipped>An assumption was not met while setting up or tearing down HardwareRFLOCfoTest.
As a result, all HardwareRFLOCfoTest tests were filtered.
    ----------------
    Test Diagnostic:
    ----------------
    no coherent Tx-&gt;Rx signal (BW=0.00 MHz &lt; 1 MHz); connect TX1 to RX1 via RF cable
    ---------------------
    Framework Diagnostic:
    ---------------------
    assumeGreaterThan failed.
    --&gt; The value must be greater than the minimum value.
    
    Actual Value:
         0
    Minimum Value (Exclusive):
         1000000
    ------------------
    Stack Information:
    ------------------
    In /home/tcollins/dev/qpsk_ai/TransceiverToolbox/trx_examples/targeting/QPSKTxRxHDLExample/HardwareRFLOCfoTest.m (HardwareRFLOCfoTest.setup) at 117</skipped>
    </testcase>
  </testsuite>
  <testsuite errors="0" failures="0" name="HardwareEnduranceTest" skipped="0" tests="1" time="344.4085">
    <testcase classname="HardwareEnduranceTest" name="testFiveMinuteEndurance" time="344.4085"/>
  </testsuite>
  <testsuite errors="0" failures="0" name="OfflineFECAnalysisTest" skipped="0" tests="3" time="2.2922">
    <testcase classname="OfflineFECAnalysisTest" name="testRepetition3_1" time="1.0061"/>
    <testcase classname="OfflineFECAnalysisTest" name="testHamming7_4" time="1.2801"/>
    <testcase classname="OfflineFECAnalysisTest" name="testReportSummary" time="0.006009"/>
  </testsuite>
</testsuites>
